0 info it worked if it ends with ok
1 verbose cli [ '/Users/greigp02/.nvm/versions/node/v4.8.4/bin/node',
1 verbose cli   '/Users/greigp02/.nvm/versions/node/v4.8.4/bin/npm',
1 verbose cli   'run',
1 verbose cli   'start' ]
2 info using npm@2.15.11
3 info using node@v4.8.4
4 verbose run-script [ 'prestart', 'start', 'poststart' ]
5 info prestart react-aria-announcer@1.0.0
6 info start react-aria-announcer@1.0.0
7 verbose unsafe-perm in lifecycle true
8 info react-aria-announcer@1.0.0 Failed to exec start script
9 verbose stack Error: react-aria-announcer@1.0.0 start: `ENV=development webpack-dev-server --config webpack.example.config.js`
9 verbose stack Exit status 1
9 verbose stack     at EventEmitter.<anonymous> (/Users/greigp02/.nvm/versions/node/v4.8.4/lib/node_modules/npm/lib/utils/lifecycle.js:217:16)
9 verbose stack     at emitTwo (events.js:87:13)
9 verbose stack     at EventEmitter.emit (events.js:172:7)
9 verbose stack     at ChildProcess.<anonymous> (/Users/greigp02/.nvm/versions/node/v4.8.4/lib/node_modules/npm/lib/utils/spawn.js:24:14)
9 verbose stack     at emitTwo (events.js:87:13)
9 verbose stack     at ChildProcess.emit (events.js:172:7)
9 verbose stack     at maybeClose (internal/child_process.js:862:16)
9 verbose stack     at Process.ChildProcess._handle.onexit (internal/child_process.js:222:5)
10 verbose pkgid react-aria-announcer@1.0.0
11 verbose cwd /Users/greigp02/Desktop/phoebe/react-aria-announcer
12 error Darwin 16.7.0
13 error argv "/Users/greigp02/.nvm/versions/node/v4.8.4/bin/node" "/Users/greigp02/.nvm/versions/node/v4.8.4/bin/npm" "run" "start"
14 error node v4.8.4
15 error npm  v2.15.11
16 error code ELIFECYCLE
17 error react-aria-announcer@1.0.0 start: `ENV=development webpack-dev-server --config webpack.example.config.js`
17 error Exit status 1
18 error Failed at the react-aria-announcer@1.0.0 start script 'ENV=development webpack-dev-server --config webpack.example.config.js'.
18 error This is most likely a problem with the react-aria-announcer package,
18 error not with npm itself.
18 error Tell the author that this fails on your system:
18 error     ENV=development webpack-dev-server --config webpack.example.config.js
18 error You can get information on how to open an issue for this project with:
18 error     npm bugs react-aria-announcer
18 error Or if that isn't available, you can get their info via:
18 error
18 error     npm owner ls react-aria-announcer
18 error There is likely additional logging output above.
19 verbose exit [ 1, true ]
